{"/Users/claudiogoncalves/App/GoStack/GoBarber/gobarber/src/components/Button/index.tsx": {"path":"/Users/claudiogoncalves/App/GoStack/GoBarber/gobarber/src/components/Button/index.tsx","statementMap":{"0":{"start":{"line":10,"column":38},"end":{"line":14,"column":1}},"1":{"start":{"line":11,"column":2},"end":{"line":13,"column":14}}},"fnMap":{"0":{"name":"(anonymous_0)","decl":{"start":{"line":10,"column":38},"end":{"line":10,"column":39}},"loc":{"start":{"line":11,"column":2},"end":{"line":13,"column":14}},"line":11}},"branchMap":{},"s":{"0":1,"1":1},"f":{"0":1},"b":{},"_coverageSchema":"43e27e138ebf9cfc5966b082cf9a028302ed4184","hash":"c8e2b0081730853fcab312b6654c172777265918"}
,"/Users/claudiogoncalves/App/GoStack/GoBarber/gobarber/src/components/Input/index.tsx": {"path":"/Users/claudiogoncalves/App/GoStack/GoBarber/gobarber/src/components/Input/index.tsx","statementMap":{"0":{"start":{"line":28,"column":66},"end":{"line":92,"column":1}},"1":{"start":{"line":32,"column":26},"end":{"line":32,"column":43}},"2":{"start":{"line":34,"column":65},"end":{"line":34,"column":79}},"3":{"start":{"line":35,"column":24},"end":{"line":35,"column":76}},"4":{"start":{"line":37,"column":36},"end":{"line":37,"column":51}},"5":{"start":{"line":38,"column":34},"end":{"line":38,"column":49}},"6":{"start":{"line":40,"column":27},"end":{"line":42,"column":8}},"7":{"start":{"line":41,"column":4},"end":{"line":41,"column":23}},"8":{"start":{"line":44,"column":26},"end":{"line":47,"column":8}},"9":{"start":{"line":45,"column":4},"end":{"line":45,"column":24}},"10":{"start":{"line":46,"column":4},"end":{"line":46,"column":47}},"11":{"start":{"line":49,"column":2},"end":{"line":53,"column":6}},"12":{"start":{"line":49,"column":34},"end":{"line":53,"column":3}},"13":{"start":{"line":51,"column":6},"end":{"line":51,"column":38}},"14":{"start":{"line":55,"column":2},"end":{"line":69,"column":33}},"15":{"start":{"line":56,"column":4},"end":{"line":68,"column":7}},"16":{"start":{"line":61,"column":8},"end":{"line":61,"column":44}},"17":{"start":{"line":62,"column":8},"end":{"line":62,"column":64}},"18":{"start":{"line":65,"column":8},"end":{"line":65,"column":41}},"19":{"start":{"line":66,"column":8},"end":{"line":66,"column":40}},"20":{"start":{"line":71,"column":2},"end":{"line":91,"column":4}},"21":{"start":{"line":86,"column":10},"end":{"line":86,"column":46}}},"fnMap":{"0":{"name":"(anonymous_0)","decl":{"start":{"line":28,"column":66},"end":{"line":28,"column":67}},"loc":{"start":{"line":31,"column":5},"end":{"line":92,"column":1}},"line":31},"1":{"name":"(anonymous_1)","decl":{"start":{"line":40,"column":39},"end":{"line":40,"column":40}},"loc":{"start":{"line":40,"column":45},"end":{"line":42,"column":3}},"line":40},"2":{"name":"(anonymous_2)","decl":{"start":{"line":44,"column":38},"end":{"line":44,"column":39}},"loc":{"start":{"line":44,"column":44},"end":{"line":47,"column":3}},"line":44},"3":{"name":"(anonymous_3)","decl":{"start":{"line":49,"column":27},"end":{"line":49,"column":28}},"loc":{"start":{"line":49,"column":34},"end":{"line":53,"column":3}},"line":49},"4":{"name":"(anonymous_4)","decl":{"start":{"line":50,"column":4},"end":{"line":50,"column":5}},"loc":{"start":{"line":50,"column":12},"end":{"line":52,"column":5}},"line":50},"5":{"name":"(anonymous_5)","decl":{"start":{"line":55,"column":12},"end":{"line":55,"column":13}},"loc":{"start":{"line":55,"column":18},"end":{"line":69,"column":3}},"line":55},"6":{"name":"(anonymous_6)","decl":{"start":{"line":60,"column":6},"end":{"line":60,"column":7}},"loc":{"start":{"line":60,"column":32},"end":{"line":63,"column":7}},"line":60},"7":{"name":"(anonymous_7)","decl":{"start":{"line":64,"column":6},"end":{"line":64,"column":7}},"loc":{"start":{"line":64,"column":19},"end":{"line":67,"column":7}},"line":64},"8":{"name":"(anonymous_8)","decl":{"start":{"line":85,"column":22},"end":{"line":85,"column":23}},"loc":{"start":{"line":85,"column":33},"end":{"line":87,"column":9}},"line":85}},"branchMap":{"0":{"loc":{"start":{"line":29,"column":16},"end":{"line":29,"column":35}},"type":"default-arg","locations":[{"start":{"line":29,"column":33},"end":{"line":29,"column":35}}],"line":29},"1":{"loc":{"start":{"line":34,"column":25},"end":{"line":34,"column":42}},"type":"default-arg","locations":[{"start":{"line":34,"column":40},"end":{"line":34,"column":42}}],"line":34},"2":{"loc":{"start":{"line":76,"column":15},"end":{"line":76,"column":60}},"type":"cond-expr","locations":[{"start":{"line":76,"column":39},"end":{"line":76,"column":48}},{"start":{"line":76,"column":51},"end":{"line":76,"column":60}}],"line":76},"3":{"loc":{"start":{"line":76,"column":15},"end":{"line":76,"column":36}},"type":"binary-expr","locations":[{"start":{"line":76,"column":15},"end":{"line":76,"column":24}},{"start":{"line":76,"column":28},"end":{"line":76,"column":36}}],"line":76}},"s":{"0":1,"1":2,"2":2,"3":2,"4":2,"5":2,"6":2,"7":0,"8":2,"9":0,"10":0,"11":2,"12":1,"13":0,"14":2,"15":2,"16":0,"17":0,"18":0,"19":0,"20":2,"21":0},"f":{"0":2,"1":0,"2":0,"3":1,"4":0,"5":2,"6":0,"7":0,"8":0},"b":{"0":[2],"1":[2],"2":[0,2],"3":[2,2]},"_coverageSchema":"43e27e138ebf9cfc5966b082cf9a028302ed4184","hash":"ca99db5b04d85f1866a58f7166b9615bd68de4fd"}
,"/Users/claudiogoncalves/App/GoStack/GoBarber/gobarber/src/hooks/auth.tsx": {"path":"/Users/claudiogoncalves/App/GoStack/GoBarber/gobarber/src/hooks/auth.tsx","statementMap":{"0":{"start":{"line":35,"column":20},"end":{"line":35,"column":73}},"1":{"start":{"line":37,"column":31},"end":{"line":101,"column":1}},"2":{"start":{"line":38,"column":26},"end":{"line":38,"column":62}},"3":{"start":{"line":39,"column":32},"end":{"line":39,"column":46}},"4":{"start":{"line":41,"column":2},"end":{"line":56,"column":9}},"5":{"start":{"line":43,"column":28},"end":{"line":46,"column":8}},"6":{"start":{"line":48,"column":6},"end":{"line":51,"column":7}},"7":{"start":{"line":49,"column":8},"end":{"line":49,"column":66}},"8":{"start":{"line":50,"column":8},"end":{"line":50,"column":64}},"9":{"start":{"line":52,"column":6},"end":{"line":52,"column":24}},"10":{"start":{"line":55,"column":4},"end":{"line":55,"column":23}},"11":{"start":{"line":58,"column":17},"end":{"line":74,"column":8}},"12":{"start":{"line":59,"column":21},"end":{"line":62,"column":6}},"13":{"start":{"line":64,"column":28},"end":{"line":64,"column":41}},"14":{"start":{"line":66,"column":4},"end":{"line":69,"column":7}},"15":{"start":{"line":71,"column":4},"end":{"line":71,"column":59}},"16":{"start":{"line":73,"column":4},"end":{"line":73,"column":29}},"17":{"start":{"line":76,"column":18},"end":{"line":80,"column":8}},"18":{"start":{"line":77,"column":4},"end":{"line":77,"column":74}},"19":{"start":{"line":79,"column":4},"end":{"line":79,"column":29}},"20":{"start":{"line":82,"column":21},"end":{"line":92,"column":3}},"21":{"start":{"line":84,"column":6},"end":{"line":84,"column":73}},"22":{"start":{"line":86,"column":6},"end":{"line":89,"column":9}},"23":{"start":{"line":94,"column":2},"end":{"line":100,"column":4}},"24":{"start":{"line":104,"column":18},"end":{"line":104,"column":41}},"25":{"start":{"line":106,"column":2},"end":{"line":108,"column":3}},"26":{"start":{"line":107,"column":4},"end":{"line":107,"column":67}},"27":{"start":{"line":110,"column":2},"end":{"line":110,"column":17}}},"fnMap":{"0":{"name":"(anonymous_0)","decl":{"start":{"line":37,"column":31},"end":{"line":37,"column":32}},"loc":{"start":{"line":37,"column":49},"end":{"line":101,"column":1}},"line":37},"1":{"name":"(anonymous_1)","decl":{"start":{"line":41,"column":12},"end":{"line":41,"column":13}},"loc":{"start":{"line":41,"column":18},"end":{"line":56,"column":3}},"line":41},"2":{"name":"loadStoragedData","decl":{"start":{"line":42,"column":19},"end":{"line":42,"column":35}},"loc":{"start":{"line":42,"column":53},"end":{"line":53,"column":5}},"line":42},"3":{"name":"(anonymous_3)","decl":{"start":{"line":58,"column":29},"end":{"line":58,"column":30}},"loc":{"start":{"line":58,"column":60},"end":{"line":74,"column":3}},"line":58},"4":{"name":"(anonymous_4)","decl":{"start":{"line":76,"column":30},"end":{"line":76,"column":31}},"loc":{"start":{"line":76,"column":42},"end":{"line":80,"column":3}},"line":76},"5":{"name":"(anonymous_5)","decl":{"start":{"line":83,"column":4},"end":{"line":83,"column":5}},"loc":{"start":{"line":83,"column":26},"end":{"line":90,"column":5}},"line":83},"6":{"name":"useAuth","decl":{"start":{"line":103,"column":9},"end":{"line":103,"column":16}},"loc":{"start":{"line":103,"column":36},"end":{"line":111,"column":1}},"line":103}},"branchMap":{"0":{"loc":{"start":{"line":48,"column":6},"end":{"line":51,"column":7}},"type":"if","locations":[{"start":{"line":48,"column":6},"end":{"line":51,"column":7}},{"start":{"line":48,"column":6},"end":{"line":51,"column":7}}],"line":48},"1":{"loc":{"start":{"line":48,"column":10},"end":{"line":48,"column":29}},"type":"binary-expr","locations":[{"start":{"line":48,"column":10},"end":{"line":48,"column":18}},{"start":{"line":48,"column":22},"end":{"line":48,"column":29}}],"line":48},"2":{"loc":{"start":{"line":106,"column":2},"end":{"line":108,"column":3}},"type":"if","locations":[{"start":{"line":106,"column":2},"end":{"line":108,"column":3}},{"start":{"line":106,"column":2},"end":{"line":108,"column":3}}],"line":106}},"s":{"0":1,"1":1,"2":0,"3":0,"4":0,"5":0,"6":0,"7":0,"8":0,"9":0,"10":0,"11":0,"12":0,"13":0,"14":0,"15":0,"16":0,"17":0,"18":0,"19":0,"20":0,"21":0,"22":0,"23":0,"24":1,"25":1,"26":0,"27":1},"f":{"0":0,"1":0,"2":0,"3":0,"4":0,"5":0,"6":1},"b":{"0":[0,0],"1":[0,0],"2":[0,1]},"_coverageSchema":"43e27e138ebf9cfc5966b082cf9a028302ed4184","hash":"6aa4430ff744d4bf59e348ef1464fa3e0ea3d88c"}
,"/Users/claudiogoncalves/App/GoStack/GoBarber/gobarber/src/pages/AppointmentCreated/index.tsx": {"path":"/Users/claudiogoncalves/App/GoStack/GoBarber/gobarber/src/pages/AppointmentCreated/index.tsx","statementMap":{"0":{"start":{"line":20,"column":37},"end":{"line":57,"column":1}},"1":{"start":{"line":21,"column":20},"end":{"line":21,"column":35}},"2":{"start":{"line":22,"column":21},"end":{"line":22,"column":31}},"3":{"start":{"line":24,"column":22},"end":{"line":24,"column":43}},"4":{"start":{"line":26,"column":26},"end":{"line":35,"column":13}},"5":{"start":{"line":27,"column":4},"end":{"line":34,"column":7}},"6":{"start":{"line":37,"column":24},"end":{"line":43,"column":19}},"7":{"start":{"line":38,"column":4},"end":{"line":42,"column":6}},"8":{"start":{"line":45,"column":2},"end":{"line":56,"column":4}}},"fnMap":{"0":{"name":"(anonymous_0)","decl":{"start":{"line":20,"column":37},"end":{"line":20,"column":38}},"loc":{"start":{"line":20,"column":43},"end":{"line":57,"column":1}},"line":20},"1":{"name":"(anonymous_1)","decl":{"start":{"line":26,"column":38},"end":{"line":26,"column":39}},"loc":{"start":{"line":26,"column":44},"end":{"line":35,"column":3}},"line":26},"2":{"name":"(anonymous_2)","decl":{"start":{"line":37,"column":32},"end":{"line":37,"column":33}},"loc":{"start":{"line":37,"column":38},"end":{"line":43,"column":3}},"line":37}},"branchMap":{},"s":{"0":0,"1":0,"2":0,"3":0,"4":0,"5":0,"6":0,"7":0,"8":0},"f":{"0":0,"1":0,"2":0},"b":{},"hash":"76aded36e8856178d2eb1c481c58348ef28e8ff7"}
,"/Users/claudiogoncalves/App/GoStack/GoBarber/gobarber/src/pages/CreateAppointment/index.tsx": {"path":"/Users/claudiogoncalves/App/GoStack/GoBarber/gobarber/src/pages/CreateAppointment/index.tsx","statementMap":{"0":{"start":{"line":51,"column":36},"end":{"line":273,"column":1}},"1":{"start":{"line":52,"column":19},"end":{"line":52,"column":28}},"2":{"start":{"line":53,"column":16},"end":{"line":53,"column":26}},"3":{"start":{"line":54,"column":22},"end":{"line":54,"column":49}},"4":{"start":{"line":56,"column":42},"end":{"line":56,"column":74}},"5":{"start":{"line":57,"column":46},"end":{"line":57,"column":61}},"6":{"start":{"line":58,"column":42},"end":{"line":58,"column":62}},"7":{"start":{"line":59,"column":42},"end":{"line":59,"column":53}},"8":{"start":{"line":60,"column":36},"end":{"line":60,"column":60}},"9":{"start":{"line":61,"column":50},"end":{"line":63,"column":3}},"10":{"start":{"line":65,"column":31},"end":{"line":65,"column":46}},"11":{"start":{"line":67,"column":2},"end":{"line":71,"column":9}},"12":{"start":{"line":68,"column":4},"end":{"line":70,"column":7}},"13":{"start":{"line":69,"column":6},"end":{"line":69,"column":34}},"14":{"start":{"line":73,"column":2},"end":{"line":85,"column":39}},"15":{"start":{"line":74,"column":4},"end":{"line":84,"column":9}},"16":{"start":{"line":83,"column":8},"end":{"line":83,"column":39}},"17":{"start":{"line":87,"column":23},"end":{"line":89,"column":14}},"18":{"start":{"line":88,"column":4},"end":{"line":88,"column":13}},"19":{"start":{"line":91,"column":32},"end":{"line":93,"column":8}},"20":{"start":{"line":92,"column":4},"end":{"line":92,"column":36}},"21":{"start":{"line":95,"column":33},"end":{"line":97,"column":8}},"22":{"start":{"line":96,"column":4},"end":{"line":96,"column":41}},"23":{"start":{"line":96,"column":33},"end":{"line":96,"column":39}},"24":{"start":{"line":99,"column":28},"end":{"line":110,"column":3}},"25":{"start":{"line":101,"column":6},"end":{"line":103,"column":7}},"26":{"start":{"line":102,"column":8},"end":{"line":102,"column":33}},"27":{"start":{"line":105,"column":6},"end":{"line":107,"column":7}},"28":{"start":{"line":106,"column":8},"end":{"line":106,"column":30}},"29":{"start":{"line":112,"column":30},"end":{"line":122,"column":20}},"30":{"start":{"line":113,"column":4},"end":{"line":121,"column":9}},"31":{"start":{"line":114,"column":28},"end":{"line":114,"column":37}},"32":{"start":{"line":116,"column":8},"end":{"line":120,"column":10}},"33":{"start":{"line":124,"column":32},"end":{"line":134,"column":20}},"34":{"start":{"line":125,"column":4},"end":{"line":133,"column":9}},"35":{"start":{"line":126,"column":28},"end":{"line":126,"column":38}},"36":{"start":{"line":128,"column":8},"end":{"line":132,"column":10}},"37":{"start":{"line":136,"column":27},"end":{"line":138,"column":8}},"38":{"start":{"line":137,"column":4},"end":{"line":137,"column":26}},"39":{"start":{"line":140,"column":34},"end":{"line":159,"column":62}},"40":{"start":{"line":141,"column":4},"end":{"line":158,"column":5}},"41":{"start":{"line":142,"column":19},"end":{"line":142,"column":41}},"42":{"start":{"line":144,"column":6},"end":{"line":144,"column":34}},"43":{"start":{"line":145,"column":6},"end":{"line":145,"column":25}},"44":{"start":{"line":147,"column":6},"end":{"line":150,"column":9}},"45":{"start":{"line":152,"column":6},"end":{"line":152,"column":63}},"46":{"start":{"line":154,"column":6},"end":{"line":157,"column":8}},"47":{"start":{"line":161,"column":2},"end":{"line":272,"column":4}},"48":{"start":{"line":181,"column":40},"end":{"line":181,"column":51}},"49":{"start":{"line":183,"column":14},"end":{"line":197,"column":34}},"50":{"start":{"line":184,"column":31},"end":{"line":184,"column":65}},"51":{"start":{"line":229,"column":16},"end":{"line":239,"column":23}},"52":{"start":{"line":232,"column":33},"end":{"line":232,"column":55}},"53":{"start":{"line":250,"column":18},"end":{"line":260,"column":25}},"54":{"start":{"line":253,"column":35},"end":{"line":253,"column":57}}},"fnMap":{"0":{"name":"(anonymous_0)","decl":{"start":{"line":51,"column":36},"end":{"line":51,"column":37}},"loc":{"start":{"line":51,"column":42},"end":{"line":273,"column":1}},"line":51},"1":{"name":"(anonymous_1)","decl":{"start":{"line":67,"column":12},"end":{"line":67,"column":13}},"loc":{"start":{"line":67,"column":18},"end":{"line":71,"column":3}},"line":67},"2":{"name":"(anonymous_2)","decl":{"start":{"line":68,"column":30},"end":{"line":68,"column":31}},"loc":{"start":{"line":68,"column":44},"end":{"line":70,"column":5}},"line":68},"3":{"name":"(anonymous_3)","decl":{"start":{"line":73,"column":12},"end":{"line":73,"column":13}},"loc":{"start":{"line":73,"column":18},"end":{"line":85,"column":3}},"line":73},"4":{"name":"(anonymous_4)","decl":{"start":{"line":82,"column":12},"end":{"line":82,"column":13}},"loc":{"start":{"line":82,"column":26},"end":{"line":84,"column":7}},"line":82},"5":{"name":"(anonymous_5)","decl":{"start":{"line":87,"column":35},"end":{"line":87,"column":36}},"loc":{"start":{"line":87,"column":41},"end":{"line":89,"column":3}},"line":87},"6":{"name":"(anonymous_6)","decl":{"start":{"line":91,"column":44},"end":{"line":91,"column":45}},"loc":{"start":{"line":91,"column":68},"end":{"line":93,"column":3}},"line":91},"7":{"name":"(anonymous_7)","decl":{"start":{"line":95,"column":45},"end":{"line":95,"column":46}},"loc":{"start":{"line":95,"column":51},"end":{"line":97,"column":3}},"line":95},"8":{"name":"(anonymous_8)","decl":{"start":{"line":96,"column":22},"end":{"line":96,"column":23}},"loc":{"start":{"line":96,"column":33},"end":{"line":96,"column":39}},"line":96},"9":{"name":"(anonymous_9)","decl":{"start":{"line":100,"column":4},"end":{"line":100,"column":5}},"loc":{"start":{"line":100,"column":44},"end":{"line":108,"column":5}},"line":100},"10":{"name":"(anonymous_10)","decl":{"start":{"line":112,"column":38},"end":{"line":112,"column":39}},"loc":{"start":{"line":112,"column":44},"end":{"line":122,"column":3}},"line":112},"11":{"name":"(anonymous_11)","decl":{"start":{"line":114,"column":14},"end":{"line":114,"column":15}},"loc":{"start":{"line":114,"column":28},"end":{"line":114,"column":37}},"line":114},"12":{"name":"(anonymous_12)","decl":{"start":{"line":115,"column":11},"end":{"line":115,"column":12}},"loc":{"start":{"line":115,"column":36},"end":{"line":121,"column":7}},"line":115},"13":{"name":"(anonymous_13)","decl":{"start":{"line":124,"column":40},"end":{"line":124,"column":41}},"loc":{"start":{"line":124,"column":46},"end":{"line":134,"column":3}},"line":124},"14":{"name":"(anonymous_14)","decl":{"start":{"line":126,"column":14},"end":{"line":126,"column":15}},"loc":{"start":{"line":126,"column":28},"end":{"line":126,"column":38}},"line":126},"15":{"name":"(anonymous_15)","decl":{"start":{"line":127,"column":11},"end":{"line":127,"column":12}},"loc":{"start":{"line":127,"column":36},"end":{"line":133,"column":7}},"line":127},"16":{"name":"(anonymous_16)","decl":{"start":{"line":136,"column":39},"end":{"line":136,"column":40}},"loc":{"start":{"line":136,"column":57},"end":{"line":138,"column":3}},"line":136},"17":{"name":"(anonymous_17)","decl":{"start":{"line":140,"column":46},"end":{"line":140,"column":47}},"loc":{"start":{"line":140,"column":58},"end":{"line":159,"column":3}},"line":140},"18":{"name":"(anonymous_18)","decl":{"start":{"line":181,"column":26},"end":{"line":181,"column":27}},"loc":{"start":{"line":181,"column":40},"end":{"line":181,"column":51}},"line":181},"19":{"name":"(anonymous_19)","decl":{"start":{"line":182,"column":24},"end":{"line":182,"column":25}},"loc":{"start":{"line":183,"column":14},"end":{"line":197,"column":34}},"line":183},"20":{"name":"(anonymous_20)","decl":{"start":{"line":184,"column":25},"end":{"line":184,"column":26}},"loc":{"start":{"line":184,"column":31},"end":{"line":184,"column":65}},"line":184},"21":{"name":"(anonymous_21)","decl":{"start":{"line":228,"column":39},"end":{"line":228,"column":40}},"loc":{"start":{"line":229,"column":16},"end":{"line":239,"column":23}},"line":229},"22":{"name":"(anonymous_22)","decl":{"start":{"line":232,"column":27},"end":{"line":232,"column":28}},"loc":{"start":{"line":232,"column":33},"end":{"line":232,"column":55}},"line":232},"23":{"name":"(anonymous_23)","decl":{"start":{"line":249,"column":16},"end":{"line":249,"column":17}},"loc":{"start":{"line":250,"column":18},"end":{"line":260,"column":25}},"line":250},"24":{"name":"(anonymous_24)","decl":{"start":{"line":253,"column":29},"end":{"line":253,"column":30}},"loc":{"start":{"line":253,"column":35},"end":{"line":253,"column":57}},"line":253}},"branchMap":{"0":{"loc":{"start":{"line":101,"column":6},"end":{"line":103,"column":7}},"type":"if","locations":[{"start":{"line":101,"column":6},"end":{"line":103,"column":7}},{"start":{"line":101,"column":6},"end":{"line":103,"column":7}}],"line":101},"1":{"loc":{"start":{"line":105,"column":6},"end":{"line":107,"column":7}},"type":"if","locations":[{"start":{"line":105,"column":6},"end":{"line":107,"column":7}},{"start":{"line":105,"column":6},"end":{"line":107,"column":7}}],"line":105},"2":{"loc":{"start":{"line":171,"column":18},"end":{"line":171,"column":73}},"type":"cond-expr","locations":[{"start":{"line":171,"column":44},"end":{"line":171,"column":68}},{"start":{"line":171,"column":71},"end":{"line":171,"column":73}}],"line":171},"3":{"loc":{"start":{"line":171,"column":18},"end":{"line":171,"column":41}},"type":"binary-expr","locations":[{"start":{"line":171,"column":18},"end":{"line":171,"column":22}},{"start":{"line":171,"column":26},"end":{"line":171,"column":41}}],"line":171},"4":{"loc":{"start":{"line":189,"column":20},"end":{"line":191,"column":26}},"type":"cond-expr","locations":[{"start":{"line":190,"column":24},"end":{"line":190,"column":52}},{"start":{"line":191,"column":24},"end":{"line":191,"column":26}}],"line":189},"5":{"loc":{"start":{"line":189,"column":20},"end":{"line":189,"column":51}},"type":"binary-expr","locations":[{"start":{"line":189,"column":20},"end":{"line":189,"column":28}},{"start":{"line":189,"column":32},"end":{"line":189,"column":51}}],"line":189},"6":{"loc":{"start":{"line":210,"column":11},"end":{"line":218,"column":11}},"type":"binary-expr","locations":[{"start":{"line":210,"column":11},"end":{"line":210,"column":25}},{"start":{"line":211,"column":12},"end":{"line":217,"column":14}}],"line":210}},"s":{"0":0,"1":0,"2":0,"3":0,"4":0,"5":0,"6":0,"7":0,"8":0,"9":0,"10":0,"11":0,"12":0,"13":0,"14":0,"15":0,"16":0,"17":0,"18":0,"19":0,"20":0,"21":0,"22":0,"23":0,"24":0,"25":0,"26":0,"27":0,"28":0,"29":0,"30":0,"31":0,"32":0,"33":0,"34":0,"35":0,"36":0,"37":0,"38":0,"39":0,"40":0,"41":0,"42":0,"43":0,"44":0,"45":0,"46":0,"47":0,"48":0,"49":0,"50":0,"51":0,"52":0,"53":0,"54":0},"f":{"0":0,"1":0,"2":0,"3":0,"4":0,"5":0,"6":0,"7":0,"8":0,"9":0,"10":0,"11":0,"12":0,"13":0,"14":0,"15":0,"16":0,"17":0,"18":0,"19":0,"20":0,"21":0,"22":0,"23":0,"24":0},"b":{"0":[0,0],"1":[0,0],"2":[0,0],"3":[0,0],"4":[0,0],"5":[0,0],"6":[0,0]},"hash":"6a8c305e8f902d2b935655b22572d61aac38cf53"}
,"/Users/claudiogoncalves/App/GoStack/GoBarber/gobarber/src/pages/Dashboard/index.tsx": {"path":"/Users/claudiogoncalves/App/GoStack/GoBarber/gobarber/src/pages/Dashboard/index.tsx","statementMap":{"0":{"start":{"line":33,"column":28},"end":{"line":111,"column":1}},"1":{"start":{"line":34,"column":36},"end":{"line":34,"column":60}},"2":{"start":{"line":36,"column":19},"end":{"line":36,"column":28}},"3":{"start":{"line":37,"column":23},"end":{"line":37,"column":38}},"4":{"start":{"line":39,"column":2},"end":{"line":43,"column":9}},"5":{"start":{"line":40,"column":4},"end":{"line":42,"column":7}},"6":{"start":{"line":41,"column":6},"end":{"line":41,"column":34}},"7":{"start":{"line":45,"column":28},"end":{"line":47,"column":16}},"8":{"start":{"line":46,"column":4},"end":{"line":46,"column":24}},"9":{"start":{"line":49,"column":38},"end":{"line":54,"column":3}},"10":{"start":{"line":51,"column":6},"end":{"line":51,"column":52}},"11":{"start":{"line":56,"column":2},"end":{"line":110,"column":4}},"12":{"start":{"line":77,"column":36},"end":{"line":77,"column":47}},"13":{"start":{"line":82,"column":10},"end":{"line":106,"column":30}},"14":{"start":{"line":83,"column":27},"end":{"line":83,"column":67}}},"fnMap":{"0":{"name":"(anonymous_0)","decl":{"start":{"line":33,"column":28},"end":{"line":33,"column":29}},"loc":{"start":{"line":33,"column":34},"end":{"line":111,"column":1}},"line":33},"1":{"name":"(anonymous_1)","decl":{"start":{"line":39,"column":12},"end":{"line":39,"column":13}},"loc":{"start":{"line":39,"column":18},"end":{"line":43,"column":3}},"line":39},"2":{"name":"(anonymous_2)","decl":{"start":{"line":40,"column":30},"end":{"line":40,"column":31}},"loc":{"start":{"line":40,"column":44},"end":{"line":42,"column":5}},"line":40},"3":{"name":"(anonymous_3)","decl":{"start":{"line":45,"column":40},"end":{"line":45,"column":41}},"loc":{"start":{"line":45,"column":46},"end":{"line":47,"column":3}},"line":45},"4":{"name":"(anonymous_4)","decl":{"start":{"line":50,"column":4},"end":{"line":50,"column":5}},"loc":{"start":{"line":50,"column":28},"end":{"line":52,"column":5}},"line":50},"5":{"name":"(anonymous_5)","decl":{"start":{"line":77,"column":22},"end":{"line":77,"column":23}},"loc":{"start":{"line":77,"column":36},"end":{"line":77,"column":47}},"line":77},"6":{"name":"(anonymous_6)","decl":{"start":{"line":81,"column":20},"end":{"line":81,"column":21}},"loc":{"start":{"line":82,"column":10},"end":{"line":106,"column":30}},"line":82},"7":{"name":"(anonymous_7)","decl":{"start":{"line":83,"column":21},"end":{"line":83,"column":22}},"loc":{"start":{"line":83,"column":27},"end":{"line":83,"column":67}},"line":83}},"branchMap":{"0":{"loc":{"start":{"line":69,"column":14},"end":{"line":69,"column":80}},"type":"cond-expr","locations":[{"start":{"line":69,"column":51},"end":{"line":69,"column":75}},{"start":{"line":69,"column":78},"end":{"line":69,"column":80}}],"line":69},"1":{"loc":{"start":{"line":69,"column":14},"end":{"line":69,"column":48}},"type":"binary-expr","locations":[{"start":{"line":69,"column":14},"end":{"line":69,"column":29}},{"start":{"line":69,"column":33},"end":{"line":69,"column":48}}],"line":69},"2":{"loc":{"start":{"line":87,"column":16},"end":{"line":89,"column":22}},"type":"cond-expr","locations":[{"start":{"line":88,"column":20},"end":{"line":88,"column":48}},{"start":{"line":89,"column":20},"end":{"line":89,"column":22}}],"line":87},"3":{"loc":{"start":{"line":87,"column":16},"end":{"line":87,"column":58}},"type":"binary-expr","locations":[{"start":{"line":87,"column":16},"end":{"line":87,"column":35}},{"start":{"line":87,"column":39},"end":{"line":87,"column":58}}],"line":87}},"s":{"0":0,"1":0,"2":0,"3":0,"4":0,"5":0,"6":0,"7":0,"8":0,"9":0,"10":0,"11":0,"12":0,"13":0,"14":0},"f":{"0":0,"1":0,"2":0,"3":0,"4":0,"5":0,"6":0,"7":0},"b":{"0":[0,0],"1":[0,0],"2":[0,0],"3":[0,0]},"hash":"3b1ce716a72cad6b2edc60d9f993f9cae1eca1ba"}
,"/Users/claudiogoncalves/App/GoStack/GoBarber/gobarber/src/pages/Profile/index.tsx": {"path":"/Users/claudiogoncalves/App/GoStack/GoBarber/gobarber/src/pages/Profile/index.tsx","statementMap":{"0":{"start":{"line":44,"column":26},"end":{"line":271,"column":1}},"1":{"start":{"line":45,"column":40},"end":{"line":45,"column":49}},"2":{"start":{"line":47,"column":18},"end":{"line":47,"column":43}},"3":{"start":{"line":48,"column":24},"end":{"line":48,"column":47}},"4":{"start":{"line":50,"column":30},"end":{"line":50,"column":53}},"5":{"start":{"line":51,"column":27},"end":{"line":51,"column":50}},"6":{"start":{"line":52,"column":34},"end":{"line":52,"column":57}},"7":{"start":{"line":54,"column":21},"end":{"line":54,"column":36}},"8":{"start":{"line":56,"column":23},"end":{"line":126,"column":3}},"9":{"start":{"line":58,"column":6},"end":{"line":123,"column":7}},"10":{"start":{"line":59,"column":8},"end":{"line":59,"column":39}},"11":{"start":{"line":61,"column":23},"end":{"line":79,"column":10}},"12":{"start":{"line":68,"column":25},"end":{"line":68,"column":37}},"13":{"start":{"line":74,"column":27},"end":{"line":74,"column":39}},"14":{"start":{"line":81,"column":8},"end":{"line":83,"column":11}},"15":{"start":{"line":91,"column":12},"end":{"line":91,"column":16}},"16":{"start":{"line":93,"column":25},"end":{"line":103,"column":9}},"17":{"start":{"line":105,"column":25},"end":{"line":105,"column":60}},"18":{"start":{"line":106,"column":8},"end":{"line":106,"column":34}},"19":{"start":{"line":108,"column":8},"end":{"line":108,"column":54}},"20":{"start":{"line":110,"column":8},"end":{"line":110,"column":28}},"21":{"start":{"line":112,"column":8},"end":{"line":117,"column":9}},"22":{"start":{"line":113,"column":25},"end":{"line":113,"column":50}},"23":{"start":{"line":114,"column":10},"end":{"line":114,"column":45}},"24":{"start":{"line":116,"column":10},"end":{"line":116,"column":17}},"25":{"start":{"line":119,"column":8},"end":{"line":122,"column":10}},"26":{"start":{"line":128,"column":29},"end":{"line":159,"column":27}},"27":{"start":{"line":129,"column":4},"end":{"line":158,"column":6}},"28":{"start":{"line":137,"column":8},"end":{"line":139,"column":9}},"29":{"start":{"line":138,"column":10},"end":{"line":138,"column":17}},"30":{"start":{"line":141,"column":8},"end":{"line":144,"column":9}},"31":{"start":{"line":142,"column":10},"end":{"line":142,"column":55}},"32":{"start":{"line":143,"column":10},"end":{"line":143,"column":17}},"33":{"start":{"line":146,"column":21},"end":{"line":146,"column":35}},"34":{"start":{"line":148,"column":8},"end":{"line":152,"column":11}},"35":{"start":{"line":154,"column":8},"end":{"line":156,"column":11}},"36":{"start":{"line":155,"column":10},"end":{"line":155,"column":39}},"37":{"start":{"line":161,"column":23},"end":{"line":163,"column":18}},"38":{"start":{"line":162,"column":4},"end":{"line":162,"column":24}},"39":{"start":{"line":165,"column":23},"end":{"line":167,"column":15}},"40":{"start":{"line":166,"column":4},"end":{"line":166,"column":14}},"41":{"start":{"line":169,"column":2},"end":{"line":270,"column":4}},"42":{"start":{"line":202,"column":18},"end":{"line":202,"column":49}},"43":{"start":{"line":215,"column":18},"end":{"line":215,"column":55}},"44":{"start":{"line":228,"column":18},"end":{"line":228,"column":52}},"45":{"start":{"line":241,"column":18},"end":{"line":241,"column":59}},"46":{"start":{"line":254,"column":18},"end":{"line":254,"column":48}},"47":{"start":{"line":260,"column":18},"end":{"line":260,"column":48}}},"fnMap":{"0":{"name":"(anonymous_0)","decl":{"start":{"line":44,"column":26},"end":{"line":44,"column":27}},"loc":{"start":{"line":44,"column":32},"end":{"line":271,"column":1}},"line":44},"1":{"name":"(anonymous_1)","decl":{"start":{"line":57,"column":4},"end":{"line":57,"column":5}},"loc":{"start":{"line":57,"column":37},"end":{"line":124,"column":5}},"line":57},"2":{"name":"(anonymous_2)","decl":{"start":{"line":68,"column":16},"end":{"line":68,"column":17}},"loc":{"start":{"line":68,"column":25},"end":{"line":68,"column":37}},"line":68},"3":{"name":"(anonymous_3)","decl":{"start":{"line":74,"column":18},"end":{"line":74,"column":19}},"loc":{"start":{"line":74,"column":27},"end":{"line":74,"column":39}},"line":74},"4":{"name":"(anonymous_4)","decl":{"start":{"line":128,"column":41},"end":{"line":128,"column":42}},"loc":{"start":{"line":128,"column":47},"end":{"line":159,"column":3}},"line":128},"5":{"name":"(anonymous_5)","decl":{"start":{"line":136,"column":6},"end":{"line":136,"column":7}},"loc":{"start":{"line":136,"column":20},"end":{"line":157,"column":7}},"line":136},"6":{"name":"(anonymous_6)","decl":{"start":{"line":154,"column":45},"end":{"line":154,"column":46}},"loc":{"start":{"line":154,"column":62},"end":{"line":156,"column":9}},"line":154},"7":{"name":"(anonymous_7)","decl":{"start":{"line":161,"column":35},"end":{"line":161,"column":36}},"loc":{"start":{"line":161,"column":41},"end":{"line":163,"column":3}},"line":161},"8":{"name":"(anonymous_8)","decl":{"start":{"line":165,"column":35},"end":{"line":165,"column":36}},"loc":{"start":{"line":165,"column":41},"end":{"line":167,"column":3}},"line":165},"9":{"name":"(anonymous_9)","decl":{"start":{"line":201,"column":33},"end":{"line":201,"column":34}},"loc":{"start":{"line":201,"column":39},"end":{"line":203,"column":17}},"line":201},"10":{"name":"(anonymous_10)","decl":{"start":{"line":214,"column":33},"end":{"line":214,"column":34}},"loc":{"start":{"line":214,"column":39},"end":{"line":216,"column":17}},"line":214},"11":{"name":"(anonymous_11)","decl":{"start":{"line":227,"column":33},"end":{"line":227,"column":34}},"loc":{"start":{"line":227,"column":39},"end":{"line":229,"column":17}},"line":227},"12":{"name":"(anonymous_12)","decl":{"start":{"line":240,"column":33},"end":{"line":240,"column":34}},"loc":{"start":{"line":240,"column":39},"end":{"line":242,"column":17}},"line":240},"13":{"name":"(anonymous_13)","decl":{"start":{"line":253,"column":33},"end":{"line":253,"column":34}},"loc":{"start":{"line":253,"column":39},"end":{"line":255,"column":17}},"line":253},"14":{"name":"(anonymous_14)","decl":{"start":{"line":259,"column":25},"end":{"line":259,"column":26}},"loc":{"start":{"line":259,"column":31},"end":{"line":261,"column":17}},"line":259}},"branchMap":{"0":{"loc":{"start":{"line":96,"column":14},"end":{"line":102,"column":16}},"type":"cond-expr","locations":[{"start":{"line":97,"column":14},"end":{"line":101,"column":15}},{"start":{"line":102,"column":14},"end":{"line":102,"column":16}}],"line":96},"1":{"loc":{"start":{"line":112,"column":8},"end":{"line":117,"column":9}},"type":"if","locations":[{"start":{"line":112,"column":8},"end":{"line":117,"column":9}},{"start":{"line":112,"column":8},"end":{"line":117,"column":9}}],"line":112},"2":{"loc":{"start":{"line":137,"column":8},"end":{"line":139,"column":9}},"type":"if","locations":[{"start":{"line":137,"column":8},"end":{"line":139,"column":9}},{"start":{"line":137,"column":8},"end":{"line":139,"column":9}}],"line":137},"3":{"loc":{"start":{"line":141,"column":8},"end":{"line":144,"column":9}},"type":"if","locations":[{"start":{"line":141,"column":8},"end":{"line":144,"column":9}},{"start":{"line":141,"column":8},"end":{"line":144,"column":9}}],"line":141},"4":{"loc":{"start":{"line":173,"column":18},"end":{"line":173,"column":63}},"type":"cond-expr","locations":[{"start":{"line":173,"column":42},"end":{"line":173,"column":51}},{"start":{"line":173,"column":54},"end":{"line":173,"column":63}}],"line":173}},"s":{"0":0,"1":0,"2":0,"3":0,"4":0,"5":0,"6":0,"7":0,"8":0,"9":0,"10":0,"11":0,"12":0,"13":0,"14":0,"15":0,"16":0,"17":0,"18":0,"19":0,"20":0,"21":0,"22":0,"23":0,"24":0,"25":0,"26":0,"27":0,"28":0,"29":0,"30":0,"31":0,"32":0,"33":0,"34":0,"35":0,"36":0,"37":0,"38":0,"39":0,"40":0,"41":0,"42":0,"43":0,"44":0,"45":0,"46":0,"47":0},"f":{"0":0,"1":0,"2":0,"3":0,"4":0,"5":0,"6":0,"7":0,"8":0,"9":0,"10":0,"11":0,"12":0,"13":0,"14":0},"b":{"0":[0,0],"1":[0,0],"2":[0,0],"3":[0,0],"4":[0,0]},"hash":"3395e889b61b85fd5787ee0d8542dcd10d097ae7"}
,"/Users/claudiogoncalves/App/GoStack/GoBarber/gobarber/src/pages/SignIn/index.tsx": {"path":"/Users/claudiogoncalves/App/GoStack/GoBarber/gobarber/src/pages/SignIn/index.tsx","statementMap":{"0":{"start":{"line":40,"column":25},"end":{"line":148,"column":1}},"1":{"start":{"line":41,"column":18},"end":{"line":41,"column":43}},"2":{"start":{"line":42,"column":27},"end":{"line":42,"column":50}},"3":{"start":{"line":43,"column":21},"end":{"line":43,"column":36}},"4":{"start":{"line":45,"column":27},"end":{"line":45,"column":36}},"5":{"start":{"line":46,"column":2},"end":{"line":46,"column":20}},"6":{"start":{"line":48,"column":23},"end":{"line":82,"column":3}},"7":{"start":{"line":50,"column":6},"end":{"line":79,"column":7}},"8":{"start":{"line":51,"column":8},"end":{"line":51,"column":39}},"9":{"start":{"line":52,"column":23},"end":{"line":57,"column":10}},"10":{"start":{"line":59,"column":8},"end":{"line":61,"column":11}},"11":{"start":{"line":63,"column":8},"end":{"line":66,"column":11}},"12":{"start":{"line":68,"column":8},"end":{"line":73,"column":9}},"13":{"start":{"line":69,"column":25},"end":{"line":69,"column":50}},"14":{"start":{"line":70,"column":10},"end":{"line":70,"column":45}},"15":{"start":{"line":72,"column":10},"end":{"line":72,"column":17}},"16":{"start":{"line":75,"column":8},"end":{"line":78,"column":10}},"17":{"start":{"line":84,"column":2},"end":{"line":147,"column":4}},"18":{"start":{"line":112,"column":18},"end":{"line":112,"column":52}},"19":{"start":{"line":123,"column":18},"end":{"line":123,"column":48}},"20":{"start":{"line":129,"column":18},"end":{"line":129,"column":48}},"21":{"start":{"line":141,"column":44},"end":{"line":141,"column":73}}},"fnMap":{"0":{"name":"(anonymous_0)","decl":{"start":{"line":40,"column":25},"end":{"line":40,"column":26}},"loc":{"start":{"line":40,"column":31},"end":{"line":148,"column":1}},"line":40},"1":{"name":"(anonymous_1)","decl":{"start":{"line":49,"column":4},"end":{"line":49,"column":5}},"loc":{"start":{"line":49,"column":36},"end":{"line":80,"column":5}},"line":49},"2":{"name":"(anonymous_2)","decl":{"start":{"line":111,"column":33},"end":{"line":111,"column":34}},"loc":{"start":{"line":111,"column":39},"end":{"line":113,"column":17}},"line":111},"3":{"name":"(anonymous_3)","decl":{"start":{"line":122,"column":33},"end":{"line":122,"column":34}},"loc":{"start":{"line":122,"column":39},"end":{"line":124,"column":17}},"line":122},"4":{"name":"(anonymous_4)","decl":{"start":{"line":128,"column":25},"end":{"line":128,"column":26}},"loc":{"start":{"line":128,"column":31},"end":{"line":130,"column":17}},"line":128},"5":{"name":"(anonymous_5)","decl":{"start":{"line":136,"column":37},"end":{"line":136,"column":38}},"loc":{"start":{"line":136,"column":43},"end":{"line":136,"column":45}},"line":136},"6":{"name":"(anonymous_6)","decl":{"start":{"line":141,"column":38},"end":{"line":141,"column":39}},"loc":{"start":{"line":141,"column":44},"end":{"line":141,"column":73}},"line":141}},"branchMap":{"0":{"loc":{"start":{"line":68,"column":8},"end":{"line":73,"column":9}},"type":"if","locations":[{"start":{"line":68,"column":8},"end":{"line":73,"column":9}},{"start":{"line":68,"column":8},"end":{"line":73,"column":9}}],"line":68},"1":{"loc":{"start":{"line":88,"column":18},"end":{"line":88,"column":63}},"type":"cond-expr","locations":[{"start":{"line":88,"column":42},"end":{"line":88,"column":51}},{"start":{"line":88,"column":54},"end":{"line":88,"column":63}}],"line":88}},"s":{"0":1,"1":1,"2":1,"3":1,"4":1,"5":1,"6":1,"7":0,"8":0,"9":0,"10":0,"11":0,"12":0,"13":0,"14":0,"15":0,"16":0,"17":1,"18":0,"19":0,"20":0,"21":0},"f":{"0":1,"1":0,"2":0,"3":0,"4":0,"5":0,"6":0},"b":{"0":[0,0],"1":[1,0]},"_coverageSchema":"43e27e138ebf9cfc5966b082cf9a028302ed4184","hash":"d7d502e70c13bf013f331fd40bb2f847af91dcea"}
,"/Users/claudiogoncalves/App/GoStack/GoBarber/gobarber/src/pages/SignUp/index.tsx": {"path":"/Users/claudiogoncalves/App/GoStack/GoBarber/gobarber/src/pages/SignUp/index.tsx","statementMap":{"0":{"start":{"line":34,"column":25},"end":{"line":153,"column":1}},"1":{"start":{"line":35,"column":18},"end":{"line":35,"column":43}},"2":{"start":{"line":36,"column":24},"end":{"line":36,"column":47}},"3":{"start":{"line":37,"column":27},"end":{"line":37,"column":50}},"4":{"start":{"line":39,"column":21},"end":{"line":39,"column":36}},"5":{"start":{"line":41,"column":23},"end":{"line":79,"column":3}},"6":{"start":{"line":43,"column":6},"end":{"line":76,"column":7}},"7":{"start":{"line":44,"column":8},"end":{"line":44,"column":39}},"8":{"start":{"line":45,"column":23},"end":{"line":51,"column":10}},"9":{"start":{"line":53,"column":8},"end":{"line":55,"column":11}},"10":{"start":{"line":57,"column":8},"end":{"line":60,"column":10}},"11":{"start":{"line":62,"column":8},"end":{"line":62,"column":39}},"12":{"start":{"line":63,"column":8},"end":{"line":63,"column":28}},"13":{"start":{"line":65,"column":8},"end":{"line":70,"column":9}},"14":{"start":{"line":66,"column":25},"end":{"line":66,"column":50}},"15":{"start":{"line":67,"column":10},"end":{"line":67,"column":45}},"16":{"start":{"line":69,"column":10},"end":{"line":69,"column":17}},"17":{"start":{"line":72,"column":8},"end":{"line":75,"column":10}},"18":{"start":{"line":81,"column":2},"end":{"line":152,"column":4}},"19":{"start":{"line":107,"column":18},"end":{"line":107,"column":49}},"20":{"start":{"line":120,"column":18},"end":{"line":120,"column":52}},"21":{"start":{"line":132,"column":18},"end":{"line":132,"column":48}},"22":{"start":{"line":138,"column":18},"end":{"line":138,"column":48}},"23":{"start":{"line":146,"column":37},"end":{"line":146,"column":56}}},"fnMap":{"0":{"name":"(anonymous_0)","decl":{"start":{"line":34,"column":25},"end":{"line":34,"column":26}},"loc":{"start":{"line":34,"column":31},"end":{"line":153,"column":1}},"line":34},"1":{"name":"(anonymous_1)","decl":{"start":{"line":42,"column":4},"end":{"line":42,"column":5}},"loc":{"start":{"line":42,"column":36},"end":{"line":77,"column":5}},"line":42},"2":{"name":"(anonymous_2)","decl":{"start":{"line":106,"column":33},"end":{"line":106,"column":34}},"loc":{"start":{"line":106,"column":39},"end":{"line":108,"column":17}},"line":106},"3":{"name":"(anonymous_3)","decl":{"start":{"line":119,"column":33},"end":{"line":119,"column":34}},"loc":{"start":{"line":119,"column":39},"end":{"line":121,"column":17}},"line":119},"4":{"name":"(anonymous_4)","decl":{"start":{"line":131,"column":33},"end":{"line":131,"column":34}},"loc":{"start":{"line":131,"column":39},"end":{"line":133,"column":17}},"line":131},"5":{"name":"(anonymous_5)","decl":{"start":{"line":137,"column":25},"end":{"line":137,"column":26}},"loc":{"start":{"line":137,"column":31},"end":{"line":139,"column":17}},"line":137},"6":{"name":"(anonymous_6)","decl":{"start":{"line":146,"column":31},"end":{"line":146,"column":32}},"loc":{"start":{"line":146,"column":37},"end":{"line":146,"column":56}},"line":146}},"branchMap":{"0":{"loc":{"start":{"line":65,"column":8},"end":{"line":70,"column":9}},"type":"if","locations":[{"start":{"line":65,"column":8},"end":{"line":70,"column":9}},{"start":{"line":65,"column":8},"end":{"line":70,"column":9}}],"line":65},"1":{"loc":{"start":{"line":85,"column":18},"end":{"line":85,"column":63}},"type":"cond-expr","locations":[{"start":{"line":85,"column":42},"end":{"line":85,"column":51}},{"start":{"line":85,"column":54},"end":{"line":85,"column":63}}],"line":85}},"s":{"0":0,"1":0,"2":0,"3":0,"4":0,"5":0,"6":0,"7":0,"8":0,"9":0,"10":0,"11":0,"12":0,"13":0,"14":0,"15":0,"16":0,"17":0,"18":0,"19":0,"20":0,"21":0,"22":0,"23":0},"f":{"0":0,"1":0,"2":0,"3":0,"4":0,"5":0,"6":0},"b":{"0":[0,0],"1":[0,0]},"hash":"8c1554e0259b5c7dc69a7d13cbbb9b1893150d89"}
}
